[
    {
        "content": "<p>Anyone else seeing distcheck-full errors on main?  I'm getting a handful that look like valid bugs:</p>\n<div class=\"codehilite\" data-code-language=\"Text only\"><pre><span></span><code>...\n 35/922 Test  #33: bu_file ....................................................***Failed    0.01 sec\n\nfile [FAIL] test input file bu_file_test_dir/bu_file_1 is incorrectly reported to be executable\n...\n373/922 Test #374: bu_color_to_rgb_floats_1 ...................................***Failed    0.00 sec\nResult: 0.752941,0.305882,0.839216\n...\nStart 922: ged_test_drawing_quad\n919/922 Test #922: ged_test_drawing_quad ......................................Subprocess aborted***Exception:   0.00 sec\ndyld[94599]: Library not loaded: @executable_path/../lib/libtcl8.6.dylib\n  Referenced from: &lt;77324E71-4FC8-3FA9-B662-6DD9330C4344&gt; /Volumes/X10/brlcad/.build.debug/distcheck-in_src_dir/brlcad-7.40.1/src/libged/tests/draw/ged_test_quad\n  Reason: tried: '/Volumes/X10/brlcad/.build.debug/distcheck-in_src_dir/brlcad-7.40.1/src/libged/tests/lib/libtcl8.6.dylib' (no such file)\n\n920/922 Test #907: rt_cache_serial_multiple_different_objects .................   Passed    7.23 sec\n921/922 Test #555: bu_mappedfile_serial_16384 .................................   Passed  100.26 sec\n922/922 Test #556: bu_mappedfile_parallel_16384 ...............................   Passed  120.57 sec\n\n99% tests passed, 12 tests failed out of 922\n\nTotal Test time (real) = 125.61 sec\n\nThe following tests FAILED:\n         33 - bu_file (Failed)\n        374 - bu_color_to_rgb_floats_1 (Failed)\n        910 - rt_search_tests (Subprocess aborted)\n        914 - ged_test_tops_moss (Subprocess aborted)\n        915 - ged_test_list (Subprocess aborted)\n        916 - ged_test_material (Subprocess aborted)\n        917 - ged_test_search (Subprocess aborted)\n        918 - ged_test_drawing_basic (Subprocess aborted)\n        919 - ged_test_drawing_faceplate (Subprocess aborted)\n        920 - ged_test_drawing_lod (Subprocess aborted)\n        921 - ged_test_drawing_select (Subprocess aborted)\n        922 - ged_test_drawing_quad (Subprocess aborted)\nErrors while running CTest\n</code></pre></div>\n<p>First two look like bugs, subprocess looks to be maybe something wrong in the relocatability dylib/exec editing.</p>",
        "id": 455712803,
        "sender_full_name": "Sean",
        "timestamp": 1722533448
    },
    {
        "content": "<p>I've not seen those errors - are they only in the in-src-dir config or do they pop up in others as well?</p>",
        "id": 455731489,
        "sender_full_name": "starseeker",
        "timestamp": 1722538355
    },
    {
        "content": "<p><span class=\"user-mention\" data-user-id=\"112516\">@starseeker</span> I just ran distcheck-full… didn’t see any other errors.  I haven’t just run a plain distcheck too but was going to check that also.</p>",
        "id": 455760039,
        "sender_full_name": "Sean",
        "timestamp": 1722547910
    }
]